\BOOKMARK [1][-]{section.1}{\376\377\000I\000n\000t\000r\000o\000d\000u\000c\000t\000i\000o\000n\000\040\000\046\000\040\000m\000o\000t\000i\000v\000a\000t\000i\000o\000n}{}% 1
\BOOKMARK [2][-]{subsection.1.1}{\376\377\000W\000h\000a\000t\000\040\000i\000s\000\040\000a\000l\000r\000e\000a\000d\000y\000\040\000b\000u\000i\000l\000t\000,\000\040\000s\000o\000\040\000t\000h\000e\000\040\000w\000o\000r\000k\000\040\000i\000s\000\040\000e\000x\000e\000c\000u\000t\000i\000o\000n\000,\000\040\000n\000o\000t\000\040\000s\000e\000t\000u\000p}{section.1}% 2
\BOOKMARK [1][-]{section.2}{\376\377\000B\000a\000c\000k\000g\000r\000o\000u\000n\000d\000:\000\040\000t\000h\000e\000\040\000b\000i\000o\000l\000o\000g\000y\000,\000\040\000f\000r\000o\000m\000\040\000t\000h\000e\000\040\000g\000r\000o\000u\000n\000d\000\040\000u\000p}{}% 3
\BOOKMARK [2][-]{subsection.2.1}{\376\377\000W\000h\000a\000t\000\040\000t\000h\000e\000\040\000l\000i\000v\000e\000r\000\040\000d\000o\000e\000s\000,\000\040\000a\000n\000d\000\040\000t\000h\000e\000\040\000t\000w\000o\000\040\000c\000e\000l\000l\000\040\000t\000y\000p\000e\000s\000\040\000t\000h\000a\000t\000\040\000d\000o\000\040\000i\000t}{section.2}% 4
\BOOKMARK [2][-]{subsection.2.2}{\376\377\000T\000h\000e\000\040\000l\000o\000b\000u\000l\000e\000,\000\040\000t\000h\000e\000\040\000g\000r\000a\000d\000i\000e\000n\000t\000,\000\040\000a\000n\000d\000\040\000z\000o\000n\000a\000t\000i\000o\000n}{section.2}% 5
\BOOKMARK [2][-]{subsection.2.3}{\376\377\000T\000h\000e\000\040\000d\000i\000s\000e\000a\000s\000e\000\040\000t\000h\000a\000t\000\040\000d\000e\000g\000r\000a\000d\000e\000s\000\040\000i\000t\000:\000\040\000t\000h\000e\000\040\000M\000A\000S\000L\000D\000\040\000s\000p\000e\000c\000t\000r\000u\000m}{section.2}% 6
\BOOKMARK [2][-]{subsection.2.4}{\376\377\000T\000h\000e\000\040\000t\000w\000o\000\040\000w\000a\000y\000s\000\040\000i\000d\000e\000n\000t\000i\000t\000y\000\040\000b\000r\000e\000a\000k\000s\000\040\040\024\000\040\000a\000n\000d\000\040\000w\000h\000y\000\040\000k\000e\000e\000p\000i\000n\000g\000\040\000t\000h\000e\000m\000\040\000a\000p\000a\000r\000t\000\040\000i\000s\000\040\000t\000h\000e\000\040\000w\000h\000o\000l\000e\000\040\000p\000o\000i\000n\000t}{section.2}% 7
\BOOKMARK [1][-]{section.3}{\376\377\000T\000h\000e\000\040\000d\000a\000t\000a\000\040\000\046\000\040\000t\000h\000e\000\040\000g\000a\000p}{}% 8
\BOOKMARK [2][-]{subsection.3.1}{\376\377\000T\000w\000o\000\040\000w\000a\000y\000s\000\040\000t\000o\000\040\000m\000e\000a\000s\000u\000r\000e\000\040\000a\000\040\000t\000i\000s\000s\000u\000e\000:\000\040\000k\000e\000e\000p\000\040\000t\000h\000e\000\040\000m\000a\000p\000,\000\040\000o\000r\000\040\000d\000i\000s\000s\000o\000l\000v\000e\000\040\000i\000t}{section.3}% 9
\BOOKMARK [2][-]{subsection.3.2}{\376\377\000P\000a\000p\000e\000r\000\040\0002\000\040\040\024\000\040\000t\000h\000e\000\040\000h\000e\000a\000l\000t\000h\000y\000\040\000r\000u\000l\000e\000r}{section.3}% 10
\BOOKMARK [2][-]{subsection.3.3}{\376\377\000P\000a\000p\000e\000r\000\040\0001\000\040\040\024\000\040\000t\000h\000e\000\040\000d\000i\000s\000e\000a\000s\000e\000d\000\040\000c\000e\000l\000l\000s}{section.3}% 11
\BOOKMARK [2][-]{subsection.3.4}{\376\377\000T\000h\000e\000\040\000g\000a\000p\000\040\040\024\000\040\000m\000i\000r\000r\000o\000r\000\040\000i\000m\000a\000g\000e\000s\000\040\000n\000e\000i\000t\000h\000e\000r\000\040\000p\000a\000p\000e\000r\000\040\000h\000a\000s\000\040\000j\000o\000i\000n\000e\000d}{section.3}% 12
\BOOKMARK [1][-]{section.4}{\376\377\000R\000e\000s\000e\000a\000r\000c\000h\000\040\000q\000u\000e\000s\000t\000i\000o\000n\000\040\000\046\000\040\000h\000y\000p\000o\000t\000h\000e\000s\000e\000s}{}% 13
\BOOKMARK [2][-]{subsection.4.1}{\376\377\000H\0001\000\040\040\024\000\040\000d\000o\000e\000s\000\040\000z\000o\000n\000a\000t\000i\000o\000n\000\040\000e\000r\000o\000d\000e\000\040\000a\000s\000\040\000d\000i\000s\000e\000a\000s\000e\000\040\000a\000d\000v\000a\000n\000c\000e\000s\000?}{section.4}% 14
\BOOKMARK [2][-]{subsection.4.2}{\376\377\000H\0002\000\040\040\024\000\040\000w\000h\000i\000c\000h\000\040\000g\000e\000n\000e\000\040\000p\000r\000o\000g\000r\000a\000m\000s\000\040\000c\000o\000l\000l\000a\000p\000s\000e\000,\000\040\000a\000n\000d\000\040\000w\000h\000e\000r\000e\000\040\000o\000n\000\040\000t\000h\000e\000\040\000a\000x\000i\000s\000?}{section.4}% 15
\BOOKMARK [2][-]{subsection.4.3}{\376\377\000H\0003\000\040\040\024\000\040\000d\000o\000\040\000t\000h\000e\000\040\000d\000e\000-\000z\000o\000n\000a\000t\000e\000d\000\040\000c\000e\000l\000l\000s\000\040\000b\000e\000c\000o\000m\000e\000\040\000t\000h\000e\000\040\000p\000l\000a\000s\000t\000i\000c\000\040\000o\000n\000e\000s\000?}{section.4}% 16
\BOOKMARK [1][-]{section.5}{\376\377\000M\000e\000t\000h\000o\000d\000s\000:\000\040\000f\000r\000o\000m\000\040\000d\000a\000t\000a\000\040\000t\000o\000\040\000a\000\040\000p\000o\000s\000i\000t\000i\000o\000n\000-\000n\000u\000m\000b\000e\000r}{}% 17
\BOOKMARK [2][-]{subsection.5.1}{\376\377\000W\000h\000e\000r\000e\000\040\000w\000e\000\040\000b\000e\000g\000i\000n\000:\000\040\000t\000h\000e\000\040\000c\000o\000u\000n\000t\000\040\000t\000a\000b\000l\000e}{section.5}% 18
\BOOKMARK [2][-]{subsection.5.2}{\376\377\000T\000h\000e\000\040\000t\000a\000b\000l\000e\000\040\000l\000i\000e\000s\000\040\040\024\000\040\000s\000o\000\040\000f\000i\000r\000s\000t\000\040\000w\000e\000\040\000c\000l\000e\000a\000n\000\040\000i\000t\000\040\000\050\000Q\000C\000\040\000\046\000\040\000n\000o\000r\000m\000a\000l\000i\000z\000a\000t\000i\000o\000n\000\051}{section.5}% 19
\BOOKMARK [2][-]{subsection.5.3}{\376\377\000T\000h\000e\000\040\000z\000e\000r\000o\000s\000\040\000a\000r\000e\000\040\000a\000\040\000t\000r\000a\000p\000\040\040\024\000\040\000a\000n\000d\000\040\000t\000h\000e\000\040\000t\000r\000a\000p\000\040\000d\000i\000c\000t\000a\000t\000e\000s\000\040\000t\000h\000e\000\040\000m\000e\000t\000h\000o\000d}{section.5}% 20
\BOOKMARK [2][-]{subsection.5.4}{\376\377\000T\000h\000e\000r\000e\000f\000o\000r\000e\000:\000\040\000r\000e\000a\000d\000\040\000p\000o\000s\000i\000t\000i\000o\000n\000\040\000f\000r\000o\000m\000\040\000m\000a\000n\000y\000\040\000g\000e\000n\000e\000s\000\040\000a\000t\000\040\000o\000n\000c\000e\000\040\000\050\000s\000i\000g\000n\000a\000t\000u\000r\000e\000\040\000s\000c\000o\000r\000i\000n\000g\000\051}{section.5}% 21
\BOOKMARK [2][-]{subsection.5.5}{\376\377\000A\000\040\000s\000t\000r\000o\000n\000g\000e\000r\000\040\000r\000e\000a\000d\000e\000r\000:\000\040\000a\000\040\000z\000o\000n\000e\000\040\000c\000l\000a\000s\000s\000i\000f\000i\000e\000r\000,\000\040\000a\000n\000d\000\040\000w\000h\000y\000\040\000i\000t\000s\000\040\000c\000o\000n\000f\000u\000s\000i\000o\000n\000\040\000i\000s\000\040\000t\000h\000e\000\040\000s\000i\000g\000n\000a\000l}{section.5}% 22
\BOOKMARK [2][-]{subsection.5.6}{\376\377\000V\000a\000l\000i\000d\000i\000t\000y\000:\000\040\000t\000h\000e\000\040\000p\000o\000s\000i\000t\000i\000v\000e\000\040\000c\000o\000n\000t\000r\000o\000l\000\040\000o\000n\000\040\000h\000e\000a\000l\000t\000h\000y\000\040\000l\000i\000v\000e\000r}{section.5}% 23
\BOOKMARK [2][-]{subsection.5.7}{\376\377\000D\000e\000-\000z\000o\000n\000a\000t\000i\000o\000n\000\040\000i\000s\000\040\000a\000\040\000p\000o\000p\000u\000l\000a\000t\000i\000o\000n\000\040\000p\000r\000o\000p\000e\000r\000t\000y}{section.5}% 24
\BOOKMARK [2][-]{subsection.5.8}{\376\377\000C\000o\000m\000p\000a\000r\000i\000n\000g\000\040\000s\000t\000a\000g\000e\000s\000\040\000w\000i\000t\000h\000o\000u\000t\000\040\000f\000o\000o\000l\000i\000n\000g\000\040\000o\000u\000r\000s\000e\000l\000v\000e\000s\000\040\000\050\000t\000h\000e\000\040\000s\000t\000a\000t\000i\000s\000t\000i\000c\000s\000\051}{section.5}% 25
\BOOKMARK [2][-]{subsection.5.9}{\376\377\000W\000h\000e\000n\000\040\000d\000o\000e\000s\000\040\000t\000h\000e\000\040\000r\000u\000l\000e\000r\000\040\000s\000t\000o\000p\000\040\000b\000e\000i\000n\000g\000\040\000a\000\040\000r\000u\000l\000e\000r\000?\000\040\000\050\000v\000a\000l\000i\000d\000i\000t\000y\000\040\000c\000o\000n\000t\000r\000o\000l\000s\000,\000\040\000S\000t\000e\000p\000\040\0005\000b\000\051}{section.5}% 26
\BOOKMARK [1][-]{section.6}{\376\377\000W\000o\000r\000k\000\040\000p\000l\000a\000n}{}% 27
\BOOKMARK [2][-]{subsection.6.1}{\376\377\000I\000n\000p\000u\000t\000s\000\040\000a\000n\000d\000\040\000e\000n\000v\000i\000r\000o\000n\000m\000e\000n\000t}{section.6}% 28
\BOOKMARK [2][-]{subsection.6.2}{\376\377\000T\000h\000e\000\040\000l\000i\000v\000e\000\040\000h\000a\000c\000k\000a\000t\000h\000o\000n\000\040\000s\000t\000e\000p\000s\000\040\000\050\0001\040\023\0009\000\051}{section.6}% 29
\BOOKMARK [2][-]{subsection.6.3}{\376\377\000W\000o\000r\000k\000\040\000d\000i\000v\000i\000s\000i\000o\000n\000,\000\040\000r\000i\000s\000k\000\040\000r\000e\000g\000i\000s\000t\000e\000r\000,\000\040\000a\000n\000d\000\040\000s\000u\000c\000c\000e\000s\000s\000\040\000c\000r\000i\000t\000e\000r\000i\000a}{section.6}% 30
\BOOKMARK [1][-]{section.7}{\376\377\000L\000i\000m\000i\000t\000a\000t\000i\000o\000n\000s\000\040\000\046\000\040\000h\000o\000n\000e\000s\000t\000\040\000s\000c\000o\000p\000e}{}% 31
\BOOKMARK [1][-]{section.8}{\376\377\000O\000p\000t\000i\000o\000n\000a\000l\000\040\000b\000o\000n\000u\000s\000:\000\040\000d\000o\000e\000s\000\040\000t\000h\000e\000\040\000c\000o\000l\000l\000a\000p\000s\000e\000\040\000t\000r\000a\000c\000k\000\040\000i\000n\000h\000e\000r\000i\000t\000e\000d\000\040\000M\000A\000S\000L\000D\000\040\000r\000i\000s\000k\000?\000\040\000\050\000P\000a\000p\000e\000r\000\040\0003\000\051}{}% 32
\BOOKMARK [1][-]{section.9}{\376\377\000T\000i\000m\000e\000l\000i\000n\000e\000\040\000\046\000\040\000w\000o\000r\000k\000\040\000d\000i\000v\000i\000s\000i\000o\000n}{}% 33
\BOOKMARK [1][-]{section.10}{\376\377\000G\000l\000o\000s\000s\000a\000r\000y}{}% 34
\BOOKMARK [1][-]{section.11}{\376\377\000R\000e\000f\000e\000r\000e\000n\000c\000e\000s}{}% 35
