This is pdfTeX, Version 3.141592653-2.6-1.40.22 (TeX Live 2022/dev/Debian) (preloaded format=pdflatex 2026.6.9)  20 JUN 2026 22:32
entering extended mode
 restricted \write18 enabled.
 %&-line parsing enabled.
**Zonation_Primer.tex
(./Zonation_Primer.tex
LaTeX2e <2021-11-15> patch level 1
L3 programming layer <2022-01-21>
(/usr/share/texlive/texmf-dist/tex/latex/base/article.cls
Document Class: article 2021/10/04 v1.4n Standard LaTeX document class
(/usr/share/texlive/texmf-dist/tex/latex/base/size11.clo
File: size11.clo 2021/10/04 v1.4n Standard LaTeX file (size option)
)
\c@part=\count185
\c@section=\count186
\c@subsection=\count187
\c@subsubsection=\count188
\c@paragraph=\count189
\c@subparagraph=\count190
\c@figure=\count191
\c@table=\count192
\abovecaptionskip=\skip47
\belowcaptionskip=\skip48
\bibindent=\dimen138
)
(/usr/share/texlive/texmf-dist/tex/latex/geometry/geometry.sty
Package: geometry 2020/01/02 v5.9 Page Geometry

(/usr/share/texlive/texmf-dist/tex/latex/graphics/keyval.sty
Package: keyval 2014/10/28 v1.15 key=value parser (DPC)
\KV@toks@=\toks16
)
(/usr/share/texlive/texmf-dist/tex/generic/iftex/ifvtex.sty
Package: ifvtex 2019/10/25 v1.7 ifvtex legacy package. Use iftex instead.

(/usr/share/texlive/texmf-dist/tex/generic/iftex/iftex.sty
Package: iftex 2020/03/06 v1.0d TeX engine tests
))
\Gm@cnth=\count193
\Gm@cntv=\count194
\c@Gm@tempcnt=\count195
\Gm@bindingoffset=\dimen139
\Gm@wd@mp=\dimen140
\Gm@odd@mp=\dimen141
\Gm@even@mp=\dimen142
\Gm@layoutwidth=\dimen143
\Gm@layoutheight=\dimen144
\Gm@layouthoffset=\dimen145
\Gm@layoutvoffset=\dimen146
\Gm@dimlist=\toks17
)
(/usr/share/texlive/texmf-dist/tex/latex/amsmath/amsmath.sty
Package: amsmath 2021/10/15 v2.17l AMS math features
\@mathmargin=\skip49

For additional information on amsmath, use the `?' option.
(/usr/share/texlive/texmf-dist/tex/latex/amsmath/amstext.sty
Package: amstext 2021/08/26 v2.01 AMS text

(/usr/share/texlive/texmf-dist/tex/latex/amsmath/amsgen.sty
File: amsgen.sty 1999/11/30 v2.0 generic functions
\@emptytoks=\toks18
\ex@=\dimen147
))
(/usr/share/texlive/texmf-dist/tex/latex/amsmath/amsbsy.sty
Package: amsbsy 1999/11/29 v1.2d Bold Symbols
\pmbraise@=\dimen148
)
(/usr/share/texlive/texmf-dist/tex/latex/amsmath/amsopn.sty
Package: amsopn 2021/08/26 v2.02 operator names
)
\inf@bad=\count196
LaTeX Info: Redefining \frac on input line 234.
\uproot@=\count197
\leftroot@=\count198
LaTeX Info: Redefining \overline on input line 399.
\classnum@=\count199
\DOTSCASE@=\count266
LaTeX Info: Redefining \ldots on input line 496.
LaTeX Info: Redefining \dots on input line 499.
LaTeX Info: Redefining \cdots on input line 620.
\Mathstrutbox@=\box50
\strutbox@=\box51
\big@size=\dimen149
LaTeX Font Info:    Redeclaring font encoding OML on input line 743.
LaTeX Font Info:    Redeclaring font encoding OMS on input line 744.
\macc@depth=\count267
\c@MaxMatrixCols=\count268
\dotsspace@=\muskip16
\c@parentequation=\count269
\dspbrk@lvl=\count270
\tag@help=\toks19
\row@=\count271
\column@=\count272
\maxfields@=\count273
\andhelp@=\toks20
\eqnshift@=\dimen150
\alignsep@=\dimen151
\tagshift@=\dimen152
\tagwidth@=\dimen153
\totwidth@=\dimen154
\lineht@=\dimen155
\@envbody=\toks21
\multlinegap=\skip50
\multlinetaggap=\skip51
\mathdisplay@stack=\toks22
LaTeX Info: Redefining \[ on input line 2938.
LaTeX Info: Redefining \] on input line 2939.
)
(/usr/share/texlive/texmf-dist/tex/latex/amsfonts/amssymb.sty
Package: amssymb 2013/01/14 v3.01 AMS font symbols

(/usr/share/texlive/texmf-dist/tex/latex/amsfonts/amsfonts.sty
Package: amsfonts 2013/01/14 v3.01 Basic AMSFonts support
\symAMSa=\mathgroup4
\symAMSb=\mathgroup5
LaTeX Font Info:    Redeclaring math symbol \hbar on input line 98.
LaTeX Font Info:    Overwriting math alphabet `\mathfrak' in version `bold'
(Font)                  U/euf/m/n --> U/euf/b/n on input line 106.
))
(/usr/share/texlive/texmf-dist/tex/latex/enumitem/enumitem.sty
Package: enumitem 2019/06/20 v3.9 Customized lists
\labelindent=\skip52
\enit@outerparindent=\dimen156
\enit@toks=\toks23
\enit@inbox=\box52
\enit@count@id=\count274
\enitdp@description=\count275
)
(/usr/share/texlive/texmf-dist/tex/latex/xcolor/xcolor.sty
Package: xcolor 2021/10/31 v2.13 LaTeX color extensions (UK)

(/usr/share/texlive/texmf-dist/tex/latex/graphics-cfg/color.cfg
File: color.cfg 2016/01/02 v1.6 sample color configuration
)
Package xcolor Info: Driver file: pdftex.def on input line 227.

(/usr/share/texlive/texmf-dist/tex/latex/graphics-def/pdftex.def
File: pdftex.def 2020/10/05 v1.2a Graphics/color driver for pdftex
)
Package xcolor Info: Model `cmy' substituted by `cmy0' on input line 1352.
Package xcolor Info: Model `hsb' substituted by `rgb' on input line 1356.
Package xcolor Info: Model `RGB' extended on input line 1368.
Package xcolor Info: Model `HTML' substituted by `rgb' on input line 1370.
Package xcolor Info: Model `Hsb' substituted by `hsb' on input line 1371.
Package xcolor Info: Model `tHsb' substituted by `hsb' on input line 1372.
Package xcolor Info: Model `HSB' substituted by `hsb' on input line 1373.
Package xcolor Info: Model `Gray' substituted by `gray' on input line 1374.
Package xcolor Info: Model `wave' substituted by `hsb' on input line 1375.
)
(/usr/share/texlive/texmf-dist/tex/latex/parskip/parskip.sty
Package: parskip 2021-03-14 v2.0h non-zero parskip adjustments

(/usr/share/texlive/texmf-dist/tex/latex/kvoptions/kvoptions.sty
Package: kvoptions 2020-10-07 v3.14 Key value format for package options (HO)

(/usr/share/texlive/texmf-dist/tex/generic/ltxcmds/ltxcmds.sty
Package: ltxcmds 2020-05-10 v1.25 LaTeX kernel commands for general use (HO)
)
(/usr/share/texlive/texmf-dist/tex/generic/kvsetkeys/kvsetkeys.sty
Package: kvsetkeys 2019/12/15 v1.18 Key value parser (HO)
))
(/usr/share/texlive/texmf-dist/tex/latex/etoolbox/etoolbox.sty
Package: etoolbox 2020/10/05 v2.5k e-TeX tools for LaTeX (JAW)
\etb@tempcnta=\count276
))
(/usr/share/texlive/texmf-dist/tex/latex/booktabs/booktabs.sty
Package: booktabs 2020/01/12 v1.61803398 Publication quality tables
\heavyrulewidth=\dimen157
\lightrulewidth=\dimen158
\cmidrulewidth=\dimen159
\belowrulesep=\dimen160
\belowbottomsep=\dimen161
\aboverulesep=\dimen162
\abovetopsep=\dimen163
\cmidrulesep=\dimen164
\cmidrulekern=\dimen165
\defaultaddspace=\dimen166
\@cmidla=\count277
\@cmidlb=\count278
\@aboverulesep=\dimen167
\@belowrulesep=\dimen168
\@thisruleclass=\count279
\@lastruleclass=\count280
\@thisrulewidth=\dimen169
)
(/usr/share/texlive/texmf-dist/tex/latex/tools/array.sty
Package: array 2021/10/04 v2.5f Tabular extension package (FMi)
\col@sep=\dimen170
\ar@mcellbox=\box53
\extrarowheight=\dimen171
\NC@list=\toks24
\extratabsurround=\skip53
\backup@length=\skip54
\ar@cellbox=\box54
)
(/usr/share/texlive/texmf-dist/tex/latex/graphics/graphicx.sty
Package: graphicx 2021/09/16 v1.2d Enhanced LaTeX Graphics (DPC,SPQR)

(/usr/share/texlive/texmf-dist/tex/latex/graphics/graphics.sty
Package: graphics 2021/03/04 v1.4d Standard LaTeX Graphics (DPC,SPQR)

(/usr/share/texlive/texmf-dist/tex/latex/graphics/trig.sty
Package: trig 2021/08/11 v1.11 sin cos tan (DPC)
)
(/usr/share/texlive/texmf-dist/tex/latex/graphics-cfg/graphics.cfg
File: graphics.cfg 2016/06/04 v1.11 sample graphics configuration
)
Package graphics Info: Driver file: pdftex.def on input line 107.
)
\Gin@req@height=\dimen172
\Gin@req@width=\dimen173
)
(/usr/share/texlive/texmf-dist/tex/latex/caption/caption.sty
Package: caption 2020/10/26 v3.5g Customizing captions (AR)

(/usr/share/texlive/texmf-dist/tex/latex/caption/caption3.sty
Package: caption3 2020/10/21 v2.2e caption3 kernel (AR)
\captionmargin=\dimen174
\captionmargin@=\dimen175
\captionwidth=\dimen176
\caption@tempdima=\dimen177
\caption@indent=\dimen178
\caption@parindent=\dimen179
\caption@hangindent=\dimen180
Package caption Info: Standard document class detected.
)
\c@caption@flags=\count281
\c@continuedfloat=\count282
)
(/usr/share/texlive/texmf-dist/tex/latex/hyperref/hyperref.sty
Package: hyperref 2021-06-07 v7.00m Hypertext links for LaTeX

(/usr/share/texlive/texmf-dist/tex/generic/pdftexcmds/pdftexcmds.sty
Package: pdftexcmds 2020-06-27 v0.33 Utility functions of pdfTeX for LuaTeX (HO
)

(/usr/share/texlive/texmf-dist/tex/generic/infwarerr/infwarerr.sty
Package: infwarerr 2019/12/03 v1.5 Providing info/warning/error messages (HO)
)
Package pdftexcmds Info: \pdf@primitive is available.
Package pdftexcmds Info: \pdf@ifprimitive is available.
Package pdftexcmds Info: \pdfdraftmode found.
)
(/usr/share/texlive/texmf-dist/tex/generic/kvdefinekeys/kvdefinekeys.sty
Package: kvdefinekeys 2019-12-19 v1.6 Define keys (HO)
)
(/usr/share/texlive/texmf-dist/tex/generic/pdfescape/pdfescape.sty
Package: pdfescape 2019/12/09 v1.15 Implements pdfTeX's escape features (HO)
)
(/usr/share/texlive/texmf-dist/tex/latex/hycolor/hycolor.sty
Package: hycolor 2020-01-27 v1.10 Color options for hyperref/bookmark (HO)
)
(/usr/share/texlive/texmf-dist/tex/latex/letltxmacro/letltxmacro.sty
Package: letltxmacro 2019/12/03 v1.6 Let assignment for LaTeX macros (HO)
)
(/usr/share/texlive/texmf-dist/tex/latex/auxhook/auxhook.sty
Package: auxhook 2019-12-17 v1.6 Hooks for auxiliary files (HO)
)
\@linkdim=\dimen181
\Hy@linkcounter=\count283
\Hy@pagecounter=\count284

(/usr/share/texlive/texmf-dist/tex/latex/hyperref/pd1enc.def
File: pd1enc.def 2021-06-07 v7.00m Hyperref: PDFDocEncoding definition (HO)
Now handling font encoding PD1 ...
... no UTF-8 mapping file for font encoding PD1
)
(/usr/share/texlive/texmf-dist/tex/latex/hyperref/hyperref-langpatches.def
File: hyperref-langpatches.def 2021-06-07 v7.00m Hyperref: patches for babel la
nguages
)
(/usr/share/texlive/texmf-dist/tex/generic/intcalc/intcalc.sty
Package: intcalc 2019/12/15 v1.3 Expandable calculations with integers (HO)
)
(/usr/share/texlive/texmf-dist/tex/generic/etexcmds/etexcmds.sty
Package: etexcmds 2019/12/15 v1.7 Avoid name clashes with e-TeX commands (HO)
)
\Hy@SavedSpaceFactor=\count285

(/usr/share/texlive/texmf-dist/tex/latex/hyperref/puenc.def
File: puenc.def 2021-06-07 v7.00m Hyperref: PDF Unicode definition (HO)
Now handling font encoding PU ...
... no UTF-8 mapping file for font encoding PU
)
Package hyperref Info: Hyper figures OFF on input line 4192.
Package hyperref Info: Link nesting OFF on input line 4197.
Package hyperref Info: Hyper index ON on input line 4200.
Package hyperref Info: Plain pages OFF on input line 4207.
Package hyperref Info: Backreferencing OFF on input line 4212.
Package hyperref Info: Implicit mode ON; LaTeX internals redefined.
Package hyperref Info: Bookmarks ON on input line 4445.
\c@Hy@tempcnt=\count286

(/usr/share/texlive/texmf-dist/tex/latex/url/url.sty
\Urlmuskip=\muskip17
Package: url 2013/09/16  ver 3.4  Verb mode for urls, etc.
)
LaTeX Info: Redefining \url on input line 4804.
\XeTeXLinkMargin=\dimen182

(/usr/share/texlive/texmf-dist/tex/generic/bitset/bitset.sty
Package: bitset 2019/12/09 v1.3 Handle bit-vector datatype (HO)

(/usr/share/texlive/texmf-dist/tex/generic/bigintcalc/bigintcalc.sty
Package: bigintcalc 2019/12/15 v1.5 Expandable calculations on big integers (HO
)
))
\Fld@menulength=\count287
\Field@Width=\dimen183
\Fld@charsize=\dimen184
Package hyperref Info: Hyper figures OFF on input line 6076.
Package hyperref Info: Link nesting OFF on input line 6081.
Package hyperref Info: Hyper index ON on input line 6084.
Package hyperref Info: backreferencing OFF on input line 6091.
Package hyperref Info: Link coloring OFF on input line 6096.
Package hyperref Info: Link coloring with OCG OFF on input line 6101.
Package hyperref Info: PDF/A mode OFF on input line 6106.
LaTeX Info: Redefining \ref on input line 6146.
LaTeX Info: Redefining \pageref on input line 6150.

(/usr/share/texlive/texmf-dist/tex/latex/base/atbegshi-ltx.sty
Package: atbegshi-ltx 2021/01/10 v1.0c Emulation of the original atbegshi
package with kernel methods
)
\Hy@abspage=\count288
\c@Item=\count289
\c@Hfootnote=\count290
)
Package hyperref Info: Driver (autodetected): hpdftex.

(/usr/share/texlive/texmf-dist/tex/latex/hyperref/hpdftex.def
File: hpdftex.def 2021-06-07 v7.00m Hyperref driver for pdfTeX

(/usr/share/texlive/texmf-dist/tex/latex/base/atveryend-ltx.sty
Package: atveryend-ltx 2020/08/19 v1.0a Emulation of the original atveryend pac
kage
with kernel methods
)
\Fld@listcount=\count291
\c@bookmark@seq@number=\count292

(/usr/share/texlive/texmf-dist/tex/latex/rerunfilecheck/rerunfilecheck.sty
Package: rerunfilecheck 2019/12/05 v1.9 Rerun checks for auxiliary files (HO)

(/usr/share/texlive/texmf-dist/tex/generic/uniquecounter/uniquecounter.sty
Package: uniquecounter 2019/12/15 v1.4 Provide unlimited unique counter (HO)
)
Package uniquecounter Info: New unique counter `rerunfilecheck' on input line 2
86.
)
\Hy@SectionHShift=\skip55
)
Package hyperref Info: Option `colorlinks' set `true' on input line 14.

(/usr/share/texlive/texmf-dist/tex/latex/l3backend/l3backend-pdftex.def
File: l3backend-pdftex.def 2022-01-12 L3 backend support: PDF output (pdfTeX)
\l__color_backend_stack_int=\count293
\l__pdf_internal_box=\box55
)
(./Zonation_Primer.aux)
\openout1 = `Zonation_Primer.aux'.

LaTeX Font Info:    Checking defaults for OML/cmm/m/it on input line 28.
LaTeX Font Info:    ... okay on input line 28.
LaTeX Font Info:    Checking defaults for OMS/cmsy/m/n on input line 28.
LaTeX Font Info:    ... okay on input line 28.
LaTeX Font Info:    Checking defaults for OT1/cmr/m/n on input line 28.
LaTeX Font Info:    ... okay on input line 28.
LaTeX Font Info:    Checking defaults for T1/cmr/m/n on input line 28.
LaTeX Font Info:    ... okay on input line 28.
LaTeX Font Info:    Checking defaults for TS1/cmr/m/n on input line 28.
LaTeX Font Info:    ... okay on input line 28.
LaTeX Font Info:    Checking defaults for OMX/cmex/m/n on input line 28.
LaTeX Font Info:    ... okay on input line 28.
LaTeX Font Info:    Checking defaults for U/cmr/m/n on input line 28.
LaTeX Font Info:    ... okay on input line 28.
LaTeX Font Info:    Checking defaults for PD1/pdf/m/n on input line 28.
LaTeX Font Info:    ... okay on input line 28.
LaTeX Font Info:    Checking defaults for PU/pdf/m/n on input line 28.
LaTeX Font Info:    ... okay on input line 28.

*geometry* driver: auto-detecting
*geometry* detected driver: pdftex
*geometry* verbose mode - [ preamble ] result:
* driver: pdftex
* paper: <default>
* layout: <same size as paper>
* layoutoffset:(h,v)=(0.0pt,0.0pt)
* modes: 
* h-part:(L,W,R)=(72.26999pt, 469.75502pt, 72.26999pt)
* v-part:(T,H,B)=(72.26999pt, 650.43001pt, 72.26999pt)
* \paperwidth=614.295pt
* \paperheight=794.96999pt
* \textwidth=469.75502pt
* \textheight=650.43001pt
* \oddsidemargin=0.0pt
* \evensidemargin=0.0pt
* \topmargin=-37.0pt
* \headheight=12.0pt
* \headsep=25.0pt
* \topskip=11.0pt
* \footskip=30.0pt
* \marginparwidth=59.0pt
* \marginparsep=10.0pt
* \columnsep=10.0pt
* \skip\footins=10.0pt plus 4.0pt minus 2.0pt
* \hoffset=0.0pt
* \voffset=0.0pt
* \mag=1000
* \@twocolumnfalse
* \@twosidefalse
* \@mparswitchfalse
* \@reversemarginfalse
* (1in=72.27pt=25.4mm, 1cm=28.453pt)

(/usr/share/texlive/texmf-dist/tex/context/base/mkii/supp-pdf.mkii
[Loading MPS to PDF converter (version 2006.09.02).]
\scratchcounter=\count294
\scratchdimen=\dimen185
\scratchbox=\box56
\nofMPsegments=\count295
\nofMParguments=\count296
\everyMPshowfont=\toks25
\MPscratchCnt=\count297
\MPscratchDim=\dimen186
\MPnumerator=\count298
\makeMPintoPDFobject=\count299
\everyMPtoPDFconversion=\toks26
) (/usr/share/texlive/texmf-dist/tex/latex/epstopdf-pkg/epstopdf-base.sty
Package: epstopdf-base 2020-01-24 v2.11 Base part for package epstopdf
Package epstopdf-base Info: Redefining graphics rule for `.eps' on input line 4
85.

(/usr/share/texlive/texmf-dist/tex/latex/latexconfig/epstopdf-sys.cfg
File: epstopdf-sys.cfg 2010/07/13 v1.3 Configuration of (r)epstopdf for TeX Liv
e
))
Package caption Info: Begin \AtBeginDocument code.
Package caption Info: hyperref package is loaded.
Package caption Info: End \AtBeginDocument code.
Package hyperref Info: Link coloring ON on input line 28.

(/usr/share/texlive/texmf-dist/tex/latex/hyperref/nameref.sty
Package: nameref 2021-04-02 v2.47 Cross-referencing by name of section

(/usr/share/texlive/texmf-dist/tex/latex/refcount/refcount.sty
Package: refcount 2019/12/15 v3.6 Data extraction from label references (HO)
)
(/usr/share/texlive/texmf-dist/tex/generic/gettitlestring/gettitlestring.sty
Package: gettitlestring 2019/12/15 v1.6 Cleanup title references (HO)
)
\c@section@level=\count300
)
LaTeX Info: Redefining \ref on input line 28.
LaTeX Info: Redefining \pageref on input line 28.
LaTeX Info: Redefining \nameref on input line 28.

(./Zonation_Primer.out) (./Zonation_Primer.out)
\@outlinefile=\write3
\openout3 = `Zonation_Primer.out'.

LaTeX Font Info:    Trying to load font information for U+msa on input line 30.


(/usr/share/texlive/texmf-dist/tex/latex/amsfonts/umsa.fd
File: umsa.fd 2013/01/14 v3.01 AMS symbols A
)
LaTeX Font Info:    Trying to load font information for U+msb on input line 30.


(/usr/share/texlive/texmf-dist/tex/latex/amsfonts/umsb.fd
File: umsb.fd 2013/01/14 v3.01 AMS symbols B
)
(./Zonation_Primer.toc [1

{/var/lib/texmf/fonts/map/pdftex/updmap/pdftex.map}])
\tf@toc=\write4
\openout4 = `Zonation_Primer.toc'.


[2]
Overfull \hbox (23.0299pt too wide) in paragraph at lines 95--97
[]\OT1/cmr/bx/n/10.95 Cancer / de-differentiation. \OT1/cmr/m/n/10.95 The de-zo
nation $\OMS/cmsy/m/n/10.95 !$ \OT1/cmr/m/n/10.95 plas-tic-ity axis (H3) con-ne
cts to de-differentiation,
 []


Underfull \hbox (badness 2856) in paragraph at lines 134--136
\OT1/cmr/m/n/10 69,426 hep-a-to-cytes) + meta-data; Pa-per 2 \OT1/cmtt/m/n/10 .
mat $\OMS/cmsy/m/n/10 !$
 []


Underfull \hbox (badness 10000) in paragraph at lines 139--140
[]|\OT1/cmtt/m/n/10 signatures/ \OT1/cmr/m/n/10 (+
 []


Underfull \hbox (badness 10000) in paragraph at lines 144--145
[]|\OT1/cmtt/m/n/10 results/figures/
 []


Overfull \hbox (3.22676pt too wide) in paragraph at lines 144--145
\OT1/cmtt/m/n/10 p2[]validation.png| 
 []


Underfull \hbox (badness 10000) in paragraph at lines 146--147
[]|\OT1/cmtt/m/n/10 src/steps/\OT1/cmr/m/n/10 ,
 []


LaTeX Warning: `h' float specifier changed to `ht'.

[3

] [4]
<../presentation/assets//fig1.png, id=212, 1405.25pt x 562.1pt>
File: ../presentation/assets//fig1.png Graphic file (type png)
<use ../presentation/assets//fig1.png>
Package pdftex.def Info: ../presentation/assets//fig1.png  used on input line 2
04.
(pdftex.def)             Requested size: 399.29463pt x 159.71985pt.


LaTeX Warning: `h' float specifier changed to `ht'.

<../presentation/assets//fig2.png, id=215, 1405.25pt x 654.445pt>
File: ../presentation/assets//fig2.png Graphic file (type png)
<use ../presentation/assets//fig2.png>
Package pdftex.def Info: ../presentation/assets//fig2.png  used on input line 2
24.
(pdftex.def)             Requested size: 375.80544pt x 175.01488pt.

LaTeX Warning: `h' float specifier changed to `ht'.

[5

] [6 <../presentation/assets//fig1.png>] [7 <../presentation/assets//fig2.png>]

Underfull \hbox (badness 5954) in paragraph at lines 319--321
[]|\OT1/cmr/m/it/10 Cell type \OT1/cmr/m/n/10 iden-tity (hep-a-to-cyte vs
 []

[8] [9

]

LaTeX Warning: `h' float specifier changed to `ht'.

<../presentation/assets//fig3.png, id=248, 1405.25pt x 537.00626pt>
File: ../presentation/assets//fig3.png Graphic file (type png)
<use ../presentation/assets//fig3.png>
Package pdftex.def Info: ../presentation/assets//fig3.png  used on input line 4
60.
(pdftex.def)             Requested size: 375.80544pt x 143.60883pt.

LaTeX Warning: `h' float specifier changed to `ht'.

[10] [11 <../presentation/assets//fig3.png>]
Underfull \hbox (badness 10000) in paragraph at lines 506--507
[]|\OT1/cmr/bx/n/10 H1 --- mono-tonic ero-
 []


Underfull \hbox (badness 1275) in paragraph at lines 506--507
\OT1/cmr/bx/n/10 sion. \OT1/cmr/m/n/10 A de-zonation score rises
 []


Overfull \hbox (35.45206pt too wide) in paragraph at lines 506--507
\OT1/cmr/m/n/10 Healthy$\OMS/cmsy/m/n/10 !$\OT1/cmr/m/n/10 MASLD$\OMS/cmsy/m/n/
10 !$\OT1/cmr/m/n/10 MASH$\OMS/cmsy/m/n/10 !$\OT1/cmr/m/n/10 cirrhosis$\OMS/cms
y/m/n/10 !$\OT1/cmr/m/n/10 end-
 []


Underfull \hbox (badness 10000) in paragraph at lines 508--509
[]|\OT1/cmr/m/n/10 Ordered trend (Jonckheere--
 []


Underfull \hbox (badness 1565) in paragraph at lines 509--510
\OT1/cmr/m/n/10 cen-tral CYP detox) col-lapse ear-
 []


Underfull \hbox (badness 10000) in paragraph at lines 512--512
[]|\OT1/cmr/m/n/10 De-zonation and plas-tic-ity
 []


Underfull \hbox (badness 10000) in paragraph at lines 512--514
[]|\OT1/cmr/m/n/10 Within-donor cor-re-la-tion /
 []

<../presentation/assets//fig4.png, id=262, 1405.25pt x 749.80125pt>
File: ../presentation/assets//fig4.png Graphic file (type png)
<use ../presentation/assets//fig4.png>
Package pdftex.def Info: ../presentation/assets//fig4.png  used on input line 5
36.
(pdftex.def)             Requested size: 375.80544pt x 200.5155pt.

LaTeX Warning: `h' float specifier changed to `ht'.

[12

] [13 <../presentation/assets//fig4.png>] [14

]
Overfull \hbox (5.71838pt too wide) in paragraph at lines 687--693
\OT1/cmr/bx/n/10.95 In code. \OT1/cmtt/m/n/10.95 src/steps/step4[]score.py \OT1
/cmr/m/n/10.95 --- \OT1/cmtt/m/n/10.95 coord = mean[]z(pericentral) - mean[]z(p
eriportal)\OT1/cmr/m/n/10.95 ;
 []

[15]
<../presentation/assets//fig5.png, id=301, 1405.25pt x 885.3075pt>
File: ../presentation/assets//fig5.png Graphic file (type png)
<use ../presentation/assets//fig5.png>
Package pdftex.def Info: ../presentation/assets//fig5.png  used on input line 6
96.
(pdftex.def)             Requested size: 352.31625pt x 221.96123pt.
 [16 <../presentation/assets//fig5.png>]
<../presentation/assets//fig6.png, id=309, 1405.25pt x 603.25375pt>
File: ../presentation/assets//fig6.png Graphic file (type png)
<use ../presentation/assets//fig6.png>
Package pdftex.def Info: ../presentation/assets//fig6.png  used on input line 7
40.
(pdftex.def)             Requested size: 399.29463pt x 171.41362pt.
 [17 <../presentation/assets//fig6.png>]
<../presentation/assets//p2_validation.png, id=318, 939.51pt x 260.172pt>
File: ../presentation/assets//p2_validation.png Graphic file (type png)
<use ../presentation/assets//p2_validation.png>
Package pdftex.def Info: ../presentation/assets//p2_validation.png  used on inp
ut line 791.
(pdftex.def)             Requested size: 446.26582pt x 123.579pt.
 [18 <../presentation/assets//p2_validation.png>] [19] [20]
Overfull \hbox (1.15324pt too wide) in paragraph at lines 955--957
\OT1/cmr/bx/n/10.95 In code. \OT1/cmtt/m/n/10.95 src/steps/step7[]de.py \OT1/cm
r/m/n/10.95 --- pseu-dob-ulk (donor$\OMS/cmsy/m/n/10.95 ^^B$\OT1/cmr/m/n/10.95 
zone), per-gene \OT1/cmtt/m/n/10.95 expr $\OMS/cmsy/m/n/10.95 ^^X$ \OT1/cmtt/m/
n/10.95 coord + stage
 []

[21] [22]
Overfull \hbox (19.98906pt too wide) in paragraph at lines 998--1009
\OT1/cmr/m/n/10.95 MAT-LAB v7.3 \OT1/cmtt/m/n/10.95 .mat $\OT1/cmr/m/n/10.95 =$
 HDF5) $\OMS/cmsy/m/n/10.95 !$ \OT1/cmtt/m/n/10.95 paper2[]train.npz \OT1/cmr/m
/n/10.95 via \OT1/cmtt/m/n/10.95 h5py \OT1/cmr/m/n/10.95 (\OT1/cmtt/m/n/10.95 s
rc/prep/02[]convert[]paper2[]mat.py\OT1/cmr/m/n/10.95 ).
 []


Overfull \hbox (2.51338pt too wide) in paragraph at lines 998--1009
\OT1/cmr/m/n/10.95 clas-si-fier and statis-tics; \OT1/cmtt/m/n/10.95 statsmodel
s \OT1/cmr/m/n/10.95 for \OT1/cmtt/m/n/10.95 multipletests(method='fdr[]bh')\OT
1/cmr/m/n/10.95 ; \OT1/cmtt/m/n/10.95 matplotlib/seaborn
 []


Underfull \hbox (badness 10000) in paragraph at lines 1020--1020
[]|\OT1/cmtt/m/n/10 prep/02[]convert[]paper2[]mat.py\OT1/cmr/m/n/10 ;
 []


Underfull \hbox (badness 1152) in paragraph at lines 1022--1024
[]|\OT1/cmr/m/n/10 A2 clean nor-mal-ized hep-a-to-cyte ma-trix
 []


Underfull \hbox (badness 1389) in paragraph at lines 1024--1025
[]|\OT1/cmr/m/n/10 A3 gene map (sym-bol/Ensembl, re-port
 []

[23

]
<../presentation/assets//fig8.png, id=370, 1405.25pt x 611.28375pt>
File: ../presentation/assets//fig8.png Graphic file (type png)
<use ../presentation/assets//fig8.png>
Package pdftex.def Info: ../presentation/assets//fig8.png  used on input line 1
078.
(pdftex.def)             Requested size: 328.82707pt x 143.03609pt.
 [24 <../presentation/assets//fig8.png>]
Overfull \hbox (1.63737pt too wide) in paragraph at lines 1099--1099
[]    \OT1/cmtt/m/n/10.95 PB = pseudobulk(expr, by=(donor, zone))        # dono
r x gene mean log1p-CP10k[] 
 []

[25]
<../presentation/assets//fig7.png, id=384, 1405.25pt x 557.08125pt>
File: ../presentation/assets//fig7.png Graphic file (type png)
<use ../presentation/assets//fig7.png>
Package pdftex.def Info: ../presentation/assets//fig7.png  used on input line 1
129.
(pdftex.def)             Requested size: 399.29463pt x 158.29378pt.
 [26

 <../presentation/assets//fig7.png>] [27]
Underfull \hbox (badness 7451) in paragraph at lines 1208--1210
[]|\OT1/cmr/m/n/10 Method re-cov-ers zona-tion in healthy
 []


Overfull \hbox (5.21294pt too wide) in paragraph at lines 1202--1214
 [][] 
 []


Overfull \hbox (14.60286pt too wide) in paragraph at lines 1236--1248
 [][] 
 []

[28

]
Underfull \hbox (badness 10000) in paragraph at lines 1283--1283
[]|\OT1/cmr/m/n/10 DE / FDR (Benjamini--
 []


Overfull \hbox (61.9871pt too wide) in paragraph at lines 1297--1301
\OT1/cmr/m/n/10.95 GSE202379 (\OT1/cmtt/m/n/10.95 GSE202379[]SeuratObject[]AllC
ells.rds.gz\OT1/cmr/m/n/10.95 ); code github.com/Core-Bioinformatics/MASLD-
 []


Overfull \hbox (93.32971pt too wide) in paragraph at lines 1301--1306
\OT1/cmr/m/n/10.95 / 17735558 / 17735587 (the lat-ter holds \OT1/cmtt/m/n/10.95
 zon[]struct[]all[]full.mat \OT1/cmr/m/n/10.95 and \OT1/cmtt/m/n/10.95 combined
[]scRNAseq[]atlas[]M5M6M7M8.mat\OT1/cmr/m/n/10.95 );
 []

[29

] [30] (./Zonation_Primer.aux)

LaTeX Warning: Label(s) may have changed. Rerun to get cross-references right.

Package rerunfilecheck Info: File `Zonation_Primer.out' has not changed.
(rerunfilecheck)             Checksum: A1C043E7D8F8E1657DB24381EAB48CAF;10081.
 ) 
Here is how much of TeX's memory you used:
 12630 strings out of 480247
 199219 string characters out of 5896152
 503780 words of memory out of 5000000
 30293 multiletter control sequences out of 15000+600000
 481694 words of font info for 76 fonts, out of 8000000 for 9000
 14 hyphenation exceptions out of 8191
 60i,12n,63p,883b,466s stack positions out of 5000i,500n,10000p,200000b,80000s
 </sessions/hopeful-blissful-volta/.texlive2021/texmf-var/fonts/pk/ljfour/jkn
appen/ec/tcbx1095.600pk> </sessions/hopeful-blissful-volta/.texlive2021/texmf-v
ar/fonts/pk/ljfour/jknappen/ec/tcrm1095.600pk></usr/share/texlive/texmf-dist/fo
nts/type1/public/amsfonts/cm/cmbx10.pfb></usr/share/texlive/texmf-dist/fonts/ty
pe1/public/amsfonts/cm/cmbx12.pfb></usr/share/texlive/texmf-dist/fonts/type1/pu
blic/amsfonts/cm/cmbxti10.pfb></usr/share/texlive/texmf-dist/fonts/type1/public
/amsfonts/cm/cmex10.pfb></usr/share/texlive/texmf-dist/fonts/type1/public/amsfo
nts/cm/cmmi10.pfb></usr/share/texlive/texmf-dist/fonts/type1/public/amsfonts/cm
/cmmi8.pfb></usr/share/texlive/texmf-dist/fonts/type1/public/amsfonts/cm/cmr10.
pfb></usr/share/texlive/texmf-dist/fonts/type1/public/amsfonts/cm/cmr12.pfb></u
sr/share/texlive/texmf-dist/fonts/type1/public/amsfonts/cm/cmr7.pfb></usr/share
/texlive/texmf-dist/fonts/type1/public/amsfonts/cm/cmr8.pfb></usr/share/texlive
/texmf-dist/fonts/type1/public/amsfonts/cm/cmsy10.pfb></usr/share/texlive/texmf
-dist/fonts/type1/public/amsfonts/cm/cmsy8.pfb></usr/share/texlive/texmf-dist/f
onts/type1/public/amsfonts/cm/cmti10.pfb></usr/share/texlive/texmf-dist/fonts/t
ype1/public/amsfonts/cm/cmtt10.pfb>
Output written on Zonation_Primer.pdf (30 pages, 812568 bytes).
PDF statistics:
 515 PDF objects out of 1000 (max. 8388607)
 429 compressed objects within 5 object streams
 114 named destinations out of 1000 (max. 500000)
 326 words of extra memory for PDF output out of 10000 (max. 10000000)

