\BOOKMARK [1][-]{section.1}{\376\377\000C\000o\000n\000v\000e\000n\000t\000i\000o\000n\000s\000\040\000u\000s\000e\000d\000\040\000t\000h\000r\000o\000u\000g\000h\000o\000u\000t}{}% 1
\BOOKMARK [2][-]{subsection.1.1}{\376\377\000P\000a\000t\000h\000s\000\040\000a\000n\000d\000\040\000t\000h\000e\000\040\000c\000o\000n\000f\000i\000g\000\040\000m\000o\000d\000u\000l\000e}{section.1}% 2
\BOOKMARK [2][-]{subsection.1.2}{\376\377\000M\000a\000t\000r\000i\000x\000\040\000o\000r\000i\000e\000n\000t\000a\000t\000i\000o\000n\000,\000\040\000d\000o\000n\000o\000r\000,\000\040\000a\000n\000d\000\040\000s\000t\000a\000g\000e}{section.1}% 3
\BOOKMARK [2][-]{subsection.1.3}{\376\377\000T\000h\000e\000\040\000g\000o\000l\000d\000e\000n\000\040\000r\000u\000l\000e\000\040\040\024\000\040\000d\000o\000n\000o\000r\000\040\000i\000s\000\040\000t\000h\000e\000\040\000u\000n\000i\000t\000\040\000o\000f\000\040\000i\000n\000f\000e\000r\000e\000n\000c\000e}{section.1}% 4
\BOOKMARK [2][-]{subsection.1.4}{\376\377\000T\000h\000e\000\040\000A\0004\000\040\000t\000a\000b\000l\000e\000\040\000\050\000t\000h\000e\000\040\000s\000h\000a\000r\000e\000d\000\040\000b\000a\000c\000k\000b\000o\000n\000e\000\051}{section.1}% 5
\BOOKMARK [2][-]{subsection.1.5}{\376\377\000S\000i\000g\000n\000a\000t\000u\000r\000e\000\040\000s\000e\000t\000s\000\040\040\024\000\040\000t\000r\000a\000n\000s\000c\000r\000i\000p\000t\000o\000m\000e\000-\000w\000i\000d\000e\000\040\000b\000y\000\040\000d\000e\000f\000a\000u\000l\000t}{section.1}% 6
\BOOKMARK [1][-]{section.2}{\376\377\000S\000t\000e\000p\000\040\0001\000\040\040\024\000\040\000B\000u\000i\000l\000d\000\040\000t\000h\000e\000\040\000r\000u\000l\000e\000r\000\040\000\050\000p\000r\000e\000p\000\051}{}% 7
\BOOKMARK [2][-]{subsection.2.1}{\376\377\000I\000n\000p\000u\000t\000s}{section.2}% 8
\BOOKMARK [2][-]{subsection.2.2}{\376\377\000T\000r\000a\000i\000n\000i\000n\000g\000\040\000l\000a\000b\000e\000l\000s\000\040\000\050\000t\000h\000e\000\040\000c\000l\000a\000s\000s\000i\000f\000i\000e\000r\000'\000s\000\040\000y\000\051}{section.2}% 9
\BOOKMARK [2][-]{subsection.2.3}{\376\377\000O\000u\000t\000p\000u\000t\000\040\000a\000n\000d\000\040\000a\000c\000c\000e\000p\000t\000a\000n\000c\000e}{section.2}% 10
\BOOKMARK [1][-]{section.3}{\376\377\000S\000t\000e\000p\000\040\0002\000\040\040\024\000\040\000L\000o\000a\000d\000\040\000\046\000\040\000Q\000C}{}% 11
\BOOKMARK [2][-]{subsection.3.1}{\376\377\000I\000n\000p\000u\000t\000s}{section.3}% 12
\BOOKMARK [2][-]{subsection.3.2}{\376\377\000A\000l\000g\000o\000r\000i\000t\000h\000m}{section.3}% 13
\BOOKMARK [2][-]{subsection.3.3}{\376\377\000N\000o\000r\000m\000a\000l\000i\000z\000a\000t\000i\000o\000n\000\040\000\050\000u\000s\000e\000d\000\040\000b\000y\000\040\000s\000c\000o\000r\000i\000n\000g\000;\000\040\000t\000h\000e\000\040\000z\000r\000o\000w\000s\000\050\000\051\000\040\000h\000e\000l\000p\000e\000r\000\051}{section.3}% 14
\BOOKMARK [2][-]{subsection.3.4}{\376\377\000O\000u\000t\000p\000u\000t\000\040\000a\000n\000d\000\040\000a\000c\000c\000e\000p\000t\000a\000n\000c\000e}{section.3}% 15
\BOOKMARK [1][-]{section.4}{\376\377\000S\000t\000e\000p\000\040\0003\000\040\040\024\000\040\000H\000a\000r\000m\000o\000n\000i\000z\000e\000\040\000g\000e\000n\000e\000s}{}% 16
\BOOKMARK [2][-]{subsection.4.1}{\376\377\000I\000n\000p\000u\000t\000s}{section.4}% 17
\BOOKMARK [2][-]{subsection.4.2}{\376\377\000A\000l\000g\000o\000r\000i\000t\000h\000m}{section.4}% 18
\BOOKMARK [2][-]{subsection.4.3}{\376\377\000O\000u\000t\000p\000u\000t\000\040\000a\000n\000d\000\040\000a\000c\000c\000e\000p\000t\000a\000n\000c\000e}{section.4}% 19
\BOOKMARK [1][-]{section.5}{\376\377\000S\000t\000e\000p\000\040\0004\000\040\040\024\000\040\000P\000l\000a\000c\000e\000\040\000e\000v\000e\000r\000y\000\040\000c\000e\000l\000l}{}% 20
\BOOKMARK [2][-]{subsection.5.1}{\376\377\000S\000t\000e\000p\000\040\0004\000a\000\040\040\024\000\040\000S\000i\000g\000n\000a\000t\000u\000r\000e\000\040\000s\000c\000o\000r\000i\000n\000g}{section.5}% 21
\BOOKMARK [2][-]{subsection.5.2}{\376\377\000S\000t\000e\000p\000\040\0004\000b\000\040\040\024\000\040\000C\000l\000a\000s\000s\000i\000f\000i\000e\000r\000\040\000+\000\040\000e\000n\000t\000r\000o\000p\000y}{section.5}% 22
\BOOKMARK [1][-]{section.6}{\376\377\000S\000t\000e\000p\000\040\0005\000\040\040\024\000\040\000V\000a\000l\000i\000d\000a\000t\000e\000\040\000o\000n\000\040\000h\000e\000a\000l\000t\000h\000y\000\040\000\050\000G\000A\000T\000E\000\051}{}% 23
\BOOKMARK [2][-]{subsection.6.1}{\376\377\000I\000n\000p\000u\000t\000\040\000a\000n\000d\000\040\000a\000l\000g\000o\000r\000i\000t\000h\000m}{section.6}% 24
\BOOKMARK [2][-]{subsection.6.2}{\376\377\000O\000u\000t\000p\000u\000t\000\040\000a\000n\000d\000\040\000t\000h\000e\000\040\000g\000a\000t\000e}{section.6}% 25
\BOOKMARK [1][-]{section.7}{\376\377\000S\000t\000e\000p\000\040\0005\000b\000\040\040\024\000\040\000I\000s\000\040\000t\000h\000e\000\040\000r\000u\000l\000e\000r\000\040\000s\000t\000i\000l\000l\000\040\000a\000\040\000r\000u\000l\000e\000r\000?}{}% 26
\BOOKMARK [1][-]{section.8}{\376\377\000S\000t\000e\000p\000\040\0006\000\040\040\024\000\040\000C\000o\000l\000l\000a\000p\000s\000e\000\040\000c\000u\000r\000v\000e\000\040\000\050\000H\0001\000\051}{}% 27
\BOOKMARK [2][-]{subsection.8.1}{\376\377\000P\000e\000r\000-\000d\000o\000n\000o\000r\000\040\000m\000e\000t\000r\000i\000c\000s}{section.8}% 28
\BOOKMARK [2][-]{subsection.8.2}{\376\377\000O\000r\000d\000e\000r\000e\000d\000-\000t\000r\000e\000n\000d\000\040\000t\000e\000s\000t\000\040\000o\000n\000\040\000t\000h\000e\000\040\0004\0007\000\040\000d\000o\000n\000o\000r\000\040\000v\000a\000l\000u\000e\000s}{section.8}% 29
\BOOKMARK [2][-]{subsection.8.3}{\376\377\000C\000o\000n\000f\000i\000d\000e\000n\000c\000e\000\040\000a\000n\000d\000\040\000n\000e\000g\000a\000t\000i\000v\000e\000\040\000c\000o\000n\000t\000r\000o\000l}{section.8}% 30
\BOOKMARK [1][-]{section.9}{\376\377\000S\000t\000e\000p\000\040\0007\000\040\040\024\000\040\000Z\000o\000n\000e\000-\000r\000e\000s\000o\000l\000v\000e\000d\000\040\000D\000E\000\040\000\050\000H\0002\000\051}{}% 31
\BOOKMARK [2][-]{subsection.9.1}{\376\377\000B\000i\000n\000\040\000c\000e\000l\000l\000s\000\040\000i\000n\000t\000o\000\040\000z\000o\000n\000e\000s}{section.9}% 32
\BOOKMARK [2][-]{subsection.9.2}{\376\377\000P\000s\000e\000u\000d\000o\000b\000u\000l\000k\000\040\000\050\000t\000h\000e\000\040\000d\000o\000n\000o\000r\000-\000l\000e\000v\000e\000l\000\040\000m\000o\000v\000e\000\051}{section.9}% 33
\BOOKMARK [2][-]{subsection.9.3}{\376\377\000T\000e\000s\000t\000\040\000p\000e\000r\000\040\000g\000e\000n\000e\000\040\000\050\000d\000e\000t\000e\000c\000t\000e\000d\000\040\000i\000n\000\040\0001\0000\000\045\000\040\000o\000f\000\040\000t\000h\000e\000\040\000z\000o\000n\000e\000'\000s\000\040\000d\000o\000n\000o\000r\000s\000\051}{section.9}% 34
\BOOKMARK [2][-]{subsection.9.4}{\376\377\000M\000u\000l\000t\000i\000p\000l\000e\000\040\000t\000e\000s\000t\000i\000n\000g\000\040\000\050\000B\000H\000-\000F\000D\000R\000\051}{section.9}% 35
\BOOKMARK [2][-]{subsection.9.5}{\376\377\000C\000i\000r\000c\000u\000l\000a\000r\000i\000t\000y\000\040\000g\000u\000a\000r\000d\000s\000\040\000\050\000m\000a\000n\000d\000a\000t\000o\000r\000y\000\051}{section.9}% 36
\BOOKMARK [1][-]{section.10}{\376\377\000S\000t\000e\000p\000\040\0008\000\040\040\024\000\040\000D\000e\000-\000z\000o\000n\000a\000t\000i\000o\000n\000\040\000\040\000p\000l\000a\000s\000t\000i\000c\000i\000t\000y\000\040\000\050\000H\0003\000\051}{}% 37
\BOOKMARK [2][-]{subsection.10.1}{\376\377\000D\000e\000-\000z\000o\000n\000a\000t\000i\000o\000n\000\040\000p\000r\000o\000x\000y}{section.10}% 38
\BOOKMARK [2][-]{subsection.10.2}{\376\377\000T\000h\000e\000\040\000c\000o\000n\000f\000o\000u\000n\000d\000\040\000a\000n\000d\000\040\000t\000h\000e\000\040\000w\000i\000t\000h\000i\000n\000-\000d\000o\000n\000o\000r\000\040\000t\000e\000s\000t}{section.10}% 39
\BOOKMARK [1][-]{section.11}{\376\377\000S\000t\000e\000p\000\040\0009\000\040\040\024\000\040\000B\000o\000n\000u\000s\000:\000\040\000c\000o\000l\000l\000a\000p\000s\000e\000\040\000v\000s\000\040\000i\000n\000h\000e\000r\000i\000t\000e\000d\000\040\000r\000i\000s\000k}{}% 40
\BOOKMARK [2][-]{subsection.11.1}{\376\377\000I\000n\000p\000u\000t\000s}{section.11}% 41
\BOOKMARK [2][-]{subsection.11.2}{\376\377\000T\000e\000s\000t\000\040\000\050\000h\000y\000p\000e\000r\000g\000e\000o\000m\000e\000t\000r\000i\000c\000\040\000e\000n\000r\000i\000c\000h\000m\000e\000n\000t\000\051}{section.11}% 42
\BOOKMARK [1][-]{section.12}{\376\377\000P\000l\000o\000t\000t\000i\000n\000g\000\040\000m\000a\000c\000h\000i\000n\000e\000r\000y}{}% 43
\BOOKMARK [1][-]{section.13}{\376\377\000D\000r\000i\000v\000e\000r\000s}{}% 44
